<?xml version="1.0" encoding="UTF-8"?>
<!-- Generated by org.testng.reporters.JUnitReportReporter -->
<testsuite skipped="0" hostname="DESKTOP-PSP68KB" name="com.Tour.qa.testdata.PaymentPageTest" tests="10" failures="0" timestamp="2022-04-22T20:37:49 PKT" time="475.860" errors="0">
  <testcase name="validateTitle" time="40.577" classname="com.Tour.qa.testdata.PaymentPageTest"/>
  <system-out/>
  <testcase name="validateQuantityTest" time="43.667" classname="com.Tour.qa.testdata.PaymentPageTest"/>
  <system-out/>
  <testcase name="validateUnit" time="42.779" classname="com.Tour.qa.testdata.PaymentPageTest"/>
  <system-out/>
  <testcase name="validateTax" time="46.396" classname="com.Tour.qa.testdata.PaymentPageTest"/>
  <system-out/>
  <testcase name="validatePrice" time="43.197" classname="com.Tour.qa.testdata.PaymentPageTest"/>
  <system-out/>
  <testcase name="validateTotal" time="48.458" classname="com.Tour.qa.testdata.PaymentPageTest"/>
  <system-out/>
  <testcase name="validatePayment" time="60.354" classname="com.Tour.qa.testdata.PaymentPageTest"/>
  <system-out/>
  <testcase name="validatePaymentwithemptyInput" time="49.948" classname="com.Tour.qa.testdata.PaymentPageTest"/>
  <system-out/>
  <testcase name="validatePaymentwithinvalidInput" time="54.150" classname="com.Tour.qa.testdata.PaymentPageTest"/>
  <system-out/>
  <testcase name="ValidateBackLink" time="46.334" classname="com.Tour.qa.testdata.PaymentPageTest"/>
  <system-out/>
</testsuite> <!-- com.Tour.qa.testdata.PaymentPageTest -->
