<?xml version="1.0" encoding="UTF-8"?>
<!-- Generated by org.testng.reporters.JUnitReportReporter -->
<testsuite skipped="0" hostname="DESKTOP-PSP68KB" name="com.Tour.qa.testdata.ReservationOverviewTest2" tests="1" failures="0" timestamp="2022-04-25T17:16:49 PKT" time="43.508" errors="0">
  <testcase name="checkModifyButton" time="43.508" classname="com.Tour.qa.testdata.ReservationOverviewTest2"/>
  <system-out/>
</testsuite> <!-- com.Tour.qa.testdata.ReservationOverviewTest2 -->
