<?xml version="1.0" encoding="UTF-8"?>
<!-- Generated by org.testng.reporters.JUnitReportReporter -->
<testsuite skipped="0" hostname="DESKTOP-PSP68KB" name="com.Tour.qa.testdata.HomePageTest" tests="4" failures="0" timestamp="2022-04-23T21:12:19 PKT" time="112.734" errors="0">
  <testcase name="HomePageTitleTest" time="26.949" classname="com.Tour.qa.testdata.HomePageTest"/>
  <system-out/>
  <testcase name="CheckBanner" time="30.095" classname="com.Tour.qa.testdata.HomePageTest"/>
  <system-out/>
  <testcase name="CheckModifyCancel" time="24.748" classname="com.Tour.qa.testdata.HomePageTest"/>
  <system-out/>
  <testcase name="CheckOurchaseTicket" time="30.942" classname="com.Tour.qa.testdata.HomePageTest"/>
  <system-out/>
</testsuite> <!-- com.Tour.qa.testdata.HomePageTest -->
