<?xml version="1.0" encoding="UTF-8"?>
<!-- Generated by org.testng.reporters.JUnitReportReporter -->
<testsuite skipped="0" hostname="DESKTOP-PSP68KB" name="com.Tour.qa.testdata.HomePageTest" tests="4" failures="0" timestamp="2022-04-24T03:55:32 PKT" time="249.165" errors="0">
  <testcase name="HomePageTitleTest" time="31.721" classname="com.Tour.qa.testdata.HomePageTest"/>
  <system-out/>
  <testcase name="CheckBanner" time="79.278" classname="com.Tour.qa.testdata.HomePageTest"/>
  <system-out/>
  <testcase name="CheckModifyCancel" time="85.247" classname="com.Tour.qa.testdata.HomePageTest"/>
  <system-out/>
  <testcase name="CheckOurchaseTicket" time="52.919" classname="com.Tour.qa.testdata.HomePageTest"/>
  <system-out/>
</testsuite> <!-- com.Tour.qa.testdata.HomePageTest -->
