<?xml version="1.0" encoding="UTF-8"?>
<!-- Generated by org.testng.reporters.JUnitReportReporter -->
<testsuite skipped="0" hostname="DESKTOP-PSP68KB" name="com.Tour.qa.testdata.ChooseDateTest" tests="9" failures="0" timestamp="2022-04-24T03:55:32 PKT" time="626.622" errors="0">
  <testcase name="CheckPageTitle" time="46.067" classname="com.Tour.qa.testdata.ChooseDateTest"/>
  <system-out/>
  <testcase name="validateBanne" time="49.231" classname="com.Tour.qa.testdata.ChooseDateTest"/>
  <system-out/>
  <testcase name="validateHeading" time="52.243" classname="com.Tour.qa.testdata.ChooseDateTest"/>
  <system-out/>
  <testcase name="validateChoosFromMenu" time="125.764" classname="com.Tour.qa.testdata.ChooseDateTest"/>
  <system-out/>
  <testcase name="validateTheOriginal" time="32.162" classname="com.Tour.qa.testdata.ChooseDateTest"/>
  <system-out/>
  <testcase name="validateGroupSize" time="66.377" classname="com.Tour.qa.testdata.ChooseDateTest"/>
  <system-out/>
  <testcase name="SelectValidSlotTest" time="97.192" classname="com.Tour.qa.testdata.ChooseDateTest"/>
  <system-out/>
  <testcase name="SelectInValidSlot" time="41.807" classname="com.Tour.qa.testdata.ChooseDateTest"/>
  <system-out/>
  <testcase name="validateGroupSize2" time="115.779" classname="com.Tour.qa.testdata.ChooseDateTest"/>
  <system-out/>
</testsuite> <!-- com.Tour.qa.testdata.ChooseDateTest -->
