<?xml version="1.0" encoding="UTF-8"?>
<!-- Generated by org.testng.reporters.JUnitReportReporter -->
<testsuite skipped="32" hostname="DESKTOP-PSP68KB" name="com.Tour.qa.testdata.RegistrationTest" tests="33" failures="0" timestamp="2022-04-19T02:33:07 PKT" time="32.068" errors="1">
  <testcase name="setUp" time="32.068" classname="com.Tour.qa.testdata.RegistrationTest">
    <error type="org.openqa.selenium.NoSuchElementException" message="no such element: Unable to locate element: {&quot;method&quot;:&quot;xpath&quot;,&quot;selector&quot;:&quot;//body/div[2]/div[2]/div[1]/div[1]/div[1]/div[3]/div[5]/div[2]/div[1]/div[1]/div[3]/a[1]/div[1]/span[1]&quot;}
  (Session info: chrome=100.0.4896.88)
For documentation on this error, please visit: https://selenium.dev/exceptions/#no_such_element
Build info: version: &#039;4.1.2&#039;, revision: &#039;9a5a329c5a&#039;
System info: host: &#039;DESKTOP-PSP68KB&#039;, ip: &#039;192.168.223.1&#039;, os.name: &#039;Windows 10&#039;, os.arch: &#039;amd64&#039;, os.version: &#039;10.0&#039;, java.version: &#039;1.8.0_301&#039;
Driver info: org.openqa.selenium.chrome.ChromeDriver
Command: [888fe3c6337ec06e3c29cdec2a96bb6d, findElement {using=xpath, value=//body/div[2]/div[2]/div[1]/div[1]/div[1]/div[3]/div[5]/div[2]/div[1]/div[1]/div[3]/a[1]/div[1]/span[1]}]
Capabilities {acceptInsecureCerts: false, browserName: chrome, browserVersion: 100.0.4896.88, chrome: {chromedriverVersion: 100.0.4896.60 (6a5d10861ce8..., userDataDir: C:\Users\Home\AppData\Local...}, goog:chromeOptions: {debuggerAddress: localhost:49825}, javascriptEnabled: true, networkConnectionEnabled: false, pageLoadStrategy: normal, platform: WINDOWS, platformName: WINDOWS, proxy: Proxy(), se:cdp: ws://localhost:49825/devtoo..., se:cdpVersion: 100.0.4896.88, setWindowRect: true, strictFileInteractability: false, timeouts: {implicit: 0, pageLoad: 300000, script: 30000}, unhandledPromptBehavior: dismiss and notify, webauthn:extension:credBlob: true, webauthn:extension:largeBlob: true, webauthn:virtualAuthenticators: true}
Session ID: 888fe3c6337ec06e3c29cdec2a96bb6d">
      <![CDATA[org.openqa.selenium.NoSuchElementException: no such element: Unable to locate element: {"method":"xpath","selector":"//body/div[2]/div[2]/div[1]/div[1]/div[1]/div[3]/div[5]/div[2]/div[1]/div[1]/div[3]/a[1]/div[1]/span[1]"}
  (Session info: chrome=100.0.4896.88)
For documentation on this error, please visit: https://selenium.dev/exceptions/#no_such_element
Build info: version: '4.1.2', revision: '9a5a329c5a'
System info: host: 'DESKTOP-PSP68KB', ip: '192.168.223.1', os.name: 'Windows 10', os.arch: 'amd64', os.version: '10.0', java.version: '1.8.0_301'
Driver info: org.openqa.selenium.chrome.ChromeDriver
Command: [888fe3c6337ec06e3c29cdec2a96bb6d, findElement {using=xpath, value=//body/div[2]/div[2]/div[1]/div[1]/div[1]/div[3]/div[5]/div[2]/div[1]/div[1]/div[3]/a[1]/div[1]/span[1]}]
Capabilities {acceptInsecureCerts: false, browserName: chrome, browserVersion: 100.0.4896.88, chrome: {chromedriverVersion: 100.0.4896.60 (6a5d10861ce8..., userDataDir: C:\Users\Home\AppData\Local...}, goog:chromeOptions: {debuggerAddress: localhost:49825}, javascriptEnabled: true, networkConnectionEnabled: false, pageLoadStrategy: normal, platform: WINDOWS, platformName: WINDOWS, proxy: Proxy(), se:cdp: ws://localhost:49825/devtoo..., se:cdpVersion: 100.0.4896.88, setWindowRect: true, strictFileInteractability: false, timeouts: {implicit: 0, pageLoad: 300000, script: 30000}, unhandledPromptBehavior: dismiss and notify, webauthn:extension:credBlob: true, webauthn:extension:largeBlob: true, webauthn:virtualAuthenticators: true}
Session ID: 888fe3c6337ec06e3c29cdec2a96bb6d
at sun.reflect.NativeConstructorAccessorImpl.newInstance0(Native Method)
at sun.reflect.NativeConstructorAccessorImpl.newInstance(NativeConstructorAccessorImpl.java:62)
at sun.reflect.DelegatingConstructorAccessorImpl.newInstance(DelegatingConstructorAccessorImpl.java:45)
at java.lang.reflect.Constructor.newInstance(Constructor.java:423)
at org.openqa.selenium.remote.codec.w3c.W3CHttpResponseCodec.createException(W3CHttpResponseCodec.java:200)
at org.openqa.selenium.remote.codec.w3c.W3CHttpResponseCodec.decode(W3CHttpResponseCodec.java:133)
at org.openqa.selenium.remote.codec.w3c.W3CHttpResponseCodec.decode(W3CHttpResponseCodec.java:53)
at org.openqa.selenium.remote.HttpCommandExecutor.execute(HttpCommandExecutor.java:184)
at org.openqa.selenium.remote.service.DriverCommandExecutor.invokeExecute(DriverCommandExecutor.java:167)
at org.openqa.selenium.remote.service.DriverCommandExecutor.execute(DriverCommandExecutor.java:142)
at org.openqa.selenium.remote.RemoteWebDriver.execute(RemoteWebDriver.java:558)
at org.openqa.selenium.remote.ElementLocation$ElementFinder$2.findElement(ElementLocation.java:162)
at org.openqa.selenium.remote.ElementLocation.findElement(ElementLocation.java:60)
at org.openqa.selenium.remote.RemoteWebDriver.findElement(RemoteWebDriver.java:382)
at org.openqa.selenium.remote.RemoteWebDriver.findElement(RemoteWebDriver.java:374)
at org.openqa.selenium.support.pagefactory.DefaultElementLocator.findElement(DefaultElementLocator.java:70)
at org.openqa.selenium.support.pagefactory.internal.LocatingElementHandler.invoke(LocatingElementHandler.java:39)
at com.sun.proxy.$Proxy15.click(Unknown Source)
at com.Tour.qa.pages.ChoosDatePage.SelectValidSlot(ChoosDatePage.java:315)
at com.Tour.qa.testdata.RegistrationTest.setUp(RegistrationTest.java:67)
at sun.reflect.NativeMethodAccessorImpl.invoke0(Native Method)
at sun.reflect.NativeMethodAccessorImpl.invoke(NativeMethodAccessorImpl.java:62)
at sun.reflect.DelegatingMethodAccessorImpl.invoke(DelegatingMethodAccessorImpl.java:43)
at java.lang.reflect.Method.invoke(Method.java:498)
at org.testng.internal.MethodInvocationHelper.invokeMethod(MethodInvocationHelper.java:133)
at org.testng.internal.MethodInvocationHelper.invokeMethodConsideringTimeout(MethodInvocationHelper.java:62)
at org.testng.internal.ConfigInvoker.invokeConfigurationMethod(ConfigInvoker.java:385)
at org.testng.internal.ConfigInvoker.invokeConfigurations(ConfigInvoker.java:321)
at org.testng.internal.TestInvoker.runConfigMethods(TestInvoker.java:700)
at org.testng.internal.TestInvoker.invokeMethod(TestInvoker.java:527)
at org.testng.internal.TestInvoker.invokeTestMethod(TestInvoker.java:173)
at org.testng.internal.MethodRunner.runInSequence(MethodRunner.java:46)
at org.testng.internal.TestInvoker$MethodInvocationAgent.invoke(TestInvoker.java:824)
at org.testng.internal.TestInvoker.invokeTestMethods(TestInvoker.java:146)
at org.testng.internal.TestMethodWorker.invokeTestMethods(TestMethodWorker.java:146)
at org.testng.internal.TestMethodWorker.run(TestMethodWorker.java:128)
at java.util.ArrayList.forEach(ArrayList.java:1259)
at org.testng.TestRunner.privateRun(TestRunner.java:794)
at org.testng.TestRunner.run(TestRunner.java:596)
at org.testng.SuiteRunner.runTest(SuiteRunner.java:377)
at org.testng.SuiteRunner.runSequentially(SuiteRunner.java:371)
at org.testng.SuiteRunner.privateRun(SuiteRunner.java:332)
at org.testng.SuiteRunner.run(SuiteRunner.java:276)
at org.testng.SuiteRunnerWorker.runSuite(SuiteRunnerWorker.java:53)
at org.testng.SuiteRunnerWorker.run(SuiteRunnerWorker.java:96)
at org.testng.TestNG.runSuitesSequentially(TestNG.java:1212)
at org.testng.TestNG.runSuitesLocally(TestNG.java:1134)
at org.testng.TestNG.runSuites(TestNG.java:1063)
at org.testng.TestNG.run(TestNG.java:1031)
at org.testng.remote.AbstractRemoteTestNG.run(AbstractRemoteTestNG.java:115)
at org.testng.remote.RemoteTestNG.initAndRun(RemoteTestNG.java:251)
at org.testng.remote.RemoteTestNG.main(RemoteTestNG.java:77)
]]>
    </error>
  </testcase> <!-- setUp -->
  <system-out/>
  <testcase name="CheckFillData" time="0.000" classname="com.Tour.qa.testdata.RegistrationTest">
    <skipped/>
  </testcase> <!-- CheckFillData -->
  <system-out/>
  <testcase name="CheckInvalidEmail" time="0.000" classname="com.Tour.qa.testdata.RegistrationTest">
    <skipped/>
  </testcase> <!-- CheckInvalidEmail -->
  <system-out/>
  <testcase name="CheckduplicateEmail" time="0.000" classname="com.Tour.qa.testdata.RegistrationTest">
    <skipped/>
  </testcase> <!-- CheckduplicateEmail -->
  <system-out/>
  <testcase name="CheckinvalidData" time="0.000" classname="com.Tour.qa.testdata.RegistrationTest">
    <skipped/>
  </testcase> <!-- CheckinvalidData -->
  <system-out/>
  <testcase name="emptyFormtTest" time="0.000" classname="com.Tour.qa.testdata.RegistrationTest">
    <skipped/>
  </testcase> <!-- emptyFormtTest -->
  <system-out/>
  <testcase name="invalidPasswordTest" time="0.000" classname="com.Tour.qa.testdata.RegistrationTest">
    <skipped/>
  </testcase> <!-- invalidPasswordTest -->
  <system-out/>
  <testcase name="invalidZipCodeTest" time="0.000" classname="com.Tour.qa.testdata.RegistrationTest">
    <skipped/>
  </testcase> <!-- invalidZipCodeTest -->
  <system-out/>
  <testcase name="textcharacterinMobe" time="0.000" classname="com.Tour.qa.testdata.RegistrationTest">
    <skipped/>
  </testcase> <!-- textcharacterinMobe -->
  <system-out/>
  <testcase name="TestLessDigitinMob" time="0.000" classname="com.Tour.qa.testdata.RegistrationTest">
    <skipped/>
  </testcase> <!-- TestLessDigitinMob -->
  <system-out/>
  <testcase name="TestpwwithInt" time="0.000" classname="com.Tour.qa.testdata.RegistrationTest">
    <skipped/>
  </testcase> <!-- TestpwwithInt -->
  <system-out/>
  <testcase name="testPWwithString" time="0.000" classname="com.Tour.qa.testdata.RegistrationTest">
    <skipped/>
  </testcase> <!-- testPWwithString -->
  <system-out/>
  <testcase name="checkFname" time="0.000" classname="com.Tour.qa.testdata.RegistrationTest">
    <skipped/>
  </testcase> <!-- checkFname -->
  <system-out/>
  <testcase name="checkLname" time="0.000" classname="com.Tour.qa.testdata.RegistrationTest">
    <skipped/>
  </testcase> <!-- checkLname -->
  <system-out/>
  <testcase name="checkEmailnotMatch" time="0.000" classname="com.Tour.qa.testdata.RegistrationTest">
    <skipped/>
  </testcase> <!-- checkEmailnotMatch -->
  <system-out/>
  <testcase name="checkPWnotMatch" time="0.000" classname="com.Tour.qa.testdata.RegistrationTest">
    <skipped/>
  </testcase> <!-- checkPWnotMatch -->
  <system-out/>
  <testcase name="checkMandatoryFields" time="0.000" classname="com.Tour.qa.testdata.RegistrationTest">
    <skipped/>
  </testcase> <!-- checkMandatoryFields -->
  <system-out/>
  <testcase name="vehiclesinvalidgTest" time="0.000" classname="com.Tour.qa.testdata.RegistrationTest">
    <skipped/>
  </testcase> <!-- vehiclesinvalidgTest -->
  <system-out/>
  <testcase name="checkGroupSizeToString" time="0.000" classname="com.Tour.qa.testdata.RegistrationTest">
    <skipped/>
  </testcase> <!-- checkGroupSizeToString -->
  <system-out/>
  <testcase name="HomePageTitleTest" time="0.000" classname="com.Tour.qa.testdata.RegistrationTest">
    <skipped/>
  </testcase> <!-- HomePageTitleTest -->
  <system-out/>
  <testcase name="CheckBanner" time="0.000" classname="com.Tour.qa.testdata.RegistrationTest">
    <skipped/>
  </testcase> <!-- CheckBanner -->
  <system-out/>
  <testcase name="validateGroupText1" time="0.000" classname="com.Tour.qa.testdata.RegistrationTest">
    <skipped/>
  </testcase> <!-- validateGroupText1 -->
  <system-out/>
  <testcase name="validateGroupSize" time="0.000" classname="com.Tour.qa.testdata.RegistrationTest">
    <skipped/>
  </testcase> <!-- validateGroupSize -->
  <system-out/>
  <testcase name="validateChoosFromMenu" time="0.000" classname="com.Tour.qa.testdata.RegistrationTest">
    <skipped/>
  </testcase> <!-- validateChoosFromMenu -->
  <system-out/>
  <testcase name="validateChoosDate" time="0.000" classname="com.Tour.qa.testdata.RegistrationTest">
    <skipped/>
  </testcase> <!-- validateChoosDate -->
  <system-out/>
  <testcase name="HeadingValidate1" time="0.000" classname="com.Tour.qa.testdata.RegistrationTest">
    <skipped/>
  </testcase> <!-- HeadingValidate1 -->
  <system-out/>
  <testcase name="validateLoginButton" time="0.000" classname="com.Tour.qa.testdata.RegistrationTest">
    <skipped/>
  </testcase> <!-- validateLoginButton -->
  <system-out/>
  <testcase name="validateForgot" time="0.000" classname="com.Tour.qa.testdata.RegistrationTest">
    <skipped/>
  </testcase> <!-- validateForgot -->
  <system-out/>
  <testcase name="ValidateHeading2" time="0.000" classname="com.Tour.qa.testdata.RegistrationTest">
    <skipped/>
  </testcase> <!-- ValidateHeading2 -->
  <system-out/>
  <testcase name="ValidateHeading3" time="0.000" classname="com.Tour.qa.testdata.RegistrationTest">
    <skipped/>
  </testcase> <!-- ValidateHeading3 -->
  <system-out/>
  <testcase name="ValidateHeading4" time="0.000" classname="com.Tour.qa.testdata.RegistrationTest">
    <skipped/>
  </testcase> <!-- ValidateHeading4 -->
  <system-out/>
  <testcase name="ValidateHeading5" time="0.000" classname="com.Tour.qa.testdata.RegistrationTest">
    <skipped/>
  </testcase> <!-- ValidateHeading5 -->
  <system-out/>
  <testcase name="validateService" time="0.000" classname="com.Tour.qa.testdata.RegistrationTest">
    <skipped/>
  </testcase> <!-- validateService -->
  <system-out/>
</testsuite> <!-- com.Tour.qa.testdata.RegistrationTest -->
