<?xml version="1.0" encoding="UTF-8"?>
<!-- Generated by org.testng.reporters.JUnitReportReporter -->
<testsuite hostname="DESKTOP-PSP68KB" failures="0" tests="2" name="com.Tour.qa.testdata.FaqPageTest" time="45.239" errors="0" timestamp="2022-04-14T12:16:11 PKT" skipped="0">
  <testcase classname="com.Tour.qa.testdata.FaqPageTest" name="validatePageHeading" time="20.630"/>
  <system-out/>
  <testcase classname="com.Tour.qa.testdata.FaqPageTest" name="validateQuestions" time="24.609"/>
  <system-out/>
</testsuite> <!-- com.Tour.qa.testdata.FaqPageTest -->
