<?xml version="1.0" encoding="UTF-8"?>
<!-- Generated by org.testng.reporters.JUnitReportReporter -->
<testsuite hostname="DESKTOP-PSP68KB" failures="0" tests="1" name="com.Tour.qa.testdata.EditReservationTest" time="35.581" errors="0" timestamp="2022-04-14T09:45:16 PKT" skipped="0">
  <testcase classname="com.Tour.qa.testdata.EditReservationTest" name="validaeditForm" time="35.581"/>
  <system-out/>
</testsuite> <!-- com.Tour.qa.testdata.EditReservationTest -->
