<?xml version="1.0" encoding="UTF-8"?>
<!-- Generated by org.testng.reporters.JUnitReportReporter -->
<testsuite skipped="0" hostname="DESKTOP-PSP68KB" name="com.Tour.qa.testdata.PlanYourVisitText" tests="3" failures="0" timestamp="2022-04-24T03:55:32 PKT" time="80.875" errors="0">
  <testcase name="validateTitle" time="30.827" classname="com.Tour.qa.testdata.PlanYourVisitText"/>
  <system-out/>
  <testcase name="validateGetPaidDirectionButton" time="28.143" classname="com.Tour.qa.testdata.PlanYourVisitText"/>
  <system-out/>
  <testcase name="validateGetGoogleDirectionButton" time="21.905" classname="com.Tour.qa.testdata.PlanYourVisitText"/>
  <system-out/>
</testsuite> <!-- com.Tour.qa.testdata.PlanYourVisitText -->
