<?xml version="1.0" encoding="UTF-8"?>
<!-- Generated by org.testng.reporters.JUnitReportReporter -->
<testsuite skipped="0" hostname="DESKTOP-PSP68KB" name="com.Tour.qa.testdata.ChooseTourTest" tests="11" failures="0" timestamp="2022-04-19T02:33:07 PKT" time="169.981" errors="0">
  <testcase name="ChooseTourPageTitleTest" time="12.495" classname="com.Tour.qa.testdata.ChooseTourTest"/>
  <system-out/>
  <testcase name="validateBanne" time="12.570" classname="com.Tour.qa.testdata.ChooseTourTest"/>
  <system-out/>
  <testcase name="validateText1" time="14.064" classname="com.Tour.qa.testdata.ChooseTourTest"/>
  <system-out/>
  <testcase name="InputGroupSizeOfTHEORIGINAL" time="13.974" classname="com.Tour.qa.testdata.ChooseTourTest"/>
  <system-out/>
  <testcase name="InputGroupSizeOfTHEDELUXE" time="18.946" classname="com.Tour.qa.testdata.ChooseTourTest"/>
  <system-out/>
  <testcase name="TestInvalidInout1" time="18.958" classname="com.Tour.qa.testdata.ChooseTourTest"/>
  <system-out/>
  <testcase name="TestInvalidInout2" time="16.972" classname="com.Tour.qa.testdata.ChooseTourTest"/>
  <system-out/>
  <testcase name="Slider" time="20.501" classname="com.Tour.qa.testdata.ChooseTourTest"/>
  <system-out/>
  <testcase name="PageHeading" time="12.998" classname="com.Tour.qa.testdata.ChooseTourTest"/>
  <system-out/>
  <testcase name="TestSliderPreBut" time="12.864" classname="com.Tour.qa.testdata.ChooseTourTest"/>
  <system-out/>
  <testcase name="TestSliderNextBut" time="15.639" classname="com.Tour.qa.testdata.ChooseTourTest"/>
  <system-out/>
</testsuite> <!-- com.Tour.qa.testdata.ChooseTourTest -->
