<?xml version="1.0" encoding="UTF-8"?>
<!-- Generated by org.testng.reporters.JUnitReportReporter -->
<testsuite skipped="0" hostname="DESKTOP-PSP68KB" name="com.Tour.qa.testdata.ChooseDateTest" tests="1" failures="0" timestamp="2022-04-25T17:33:41 PKT" time="53.948" errors="0">
  <testcase name="validateChoosTourFromMenu" time="53.948" classname="com.Tour.qa.testdata.ChooseDateTest"/>
  <system-out/>
</testsuite> <!-- com.Tour.qa.testdata.ChooseDateTest -->
