<?xml version="1.0" encoding="UTF-8"?>
<!-- Generated by org.testng.reporters.JUnitReportReporter -->
<testsuite skipped="0" hostname="DESKTOP-PSP68KB" name="com.Tour.qa.testdata.PlanYourVisitText" tests="3" failures="0" timestamp="2022-04-22T20:37:49 PKT" time="67.731" errors="0">
  <testcase name="validateTitle" time="21.492" classname="com.Tour.qa.testdata.PlanYourVisitText"/>
  <system-out/>
  <testcase name="validateGetPaidDirectionButton" time="22.422" classname="com.Tour.qa.testdata.PlanYourVisitText"/>
  <system-out/>
  <testcase name="validateGetGoogleDirectionButton" time="23.817" classname="com.Tour.qa.testdata.PlanYourVisitText"/>
  <system-out/>
</testsuite> <!-- com.Tour.qa.testdata.PlanYourVisitText -->
