<?xml version="1.0" encoding="UTF-8"?>
<!-- Generated by org.testng.reporters.JUnitReportReporter -->
<testsuite skipped="0" hostname="DESKTOP-PSP68KB" name="com.Tour.qa.testdata.ChooseDateTest" tests="9" failures="0" timestamp="2022-04-22T20:37:49 PKT" time="184.256" errors="0">
  <testcase name="CheckPageTitle" time="16.351" classname="com.Tour.qa.testdata.ChooseDateTest"/>
  <system-out/>
  <testcase name="validateBanne" time="20.721" classname="com.Tour.qa.testdata.ChooseDateTest"/>
  <system-out/>
  <testcase name="validateHeading" time="19.537" classname="com.Tour.qa.testdata.ChooseDateTest"/>
  <system-out/>
  <testcase name="validateChoosFromMenu" time="21.288" classname="com.Tour.qa.testdata.ChooseDateTest"/>
  <system-out/>
  <testcase name="validateTheOriginal" time="16.965" classname="com.Tour.qa.testdata.ChooseDateTest"/>
  <system-out/>
  <testcase name="validateGroupSize" time="15.021" classname="com.Tour.qa.testdata.ChooseDateTest"/>
  <system-out/>
  <testcase name="SelectValidSlotTest" time="31.227" classname="com.Tour.qa.testdata.ChooseDateTest"/>
  <system-out/>
  <testcase name="SelectInValidSlot" time="24.730" classname="com.Tour.qa.testdata.ChooseDateTest"/>
  <system-out/>
  <testcase name="validateGroupSize2" time="18.416" classname="com.Tour.qa.testdata.ChooseDateTest"/>
  <system-out/>
</testsuite> <!-- com.Tour.qa.testdata.ChooseDateTest -->
