<?xml version="1.0" encoding="UTF-8"?>
<!-- Generated by org.testng.reporters.JUnitReportReporter -->
<testsuite skipped="0" hostname="DESKTOP-PSP68KB" name="com.Tour.qa.testdata.ModifyCancelTest" tests="1" failures="0" timestamp="2022-04-25T20:13:50 PKT" time="22.523" errors="0">
  <testcase name="validateCancelAndModifyButtonOfexpiredDate" time="22.523" classname="com.Tour.qa.testdata.ModifyCancelTest"/>
  <system-out/>
</testsuite> <!-- com.Tour.qa.testdata.ModifyCancelTest -->
