<?xml version="1.0" encoding="UTF-8"?>
<!-- Generated by org.testng.reporters.JUnitReportReporter -->
<testsuite skipped="0" hostname="DESKTOP-PSP68KB" name="com.Tour.qa.testdata.PaymentPageTest" tests="10" failures="0" timestamp="2022-04-24T03:55:32 PKT" time="699.300" errors="0">
  <testcase name="validateTitle" time="63.017" classname="com.Tour.qa.testdata.PaymentPageTest"/>
  <system-out/>
  <testcase name="validateQuantityTest" time="56.861" classname="com.Tour.qa.testdata.PaymentPageTest"/>
  <system-out/>
  <testcase name="validateUnit" time="86.862" classname="com.Tour.qa.testdata.PaymentPageTest"/>
  <system-out/>
  <testcase name="validateTax" time="57.390" classname="com.Tour.qa.testdata.PaymentPageTest"/>
  <system-out/>
  <testcase name="validatePrice" time="70.218" classname="com.Tour.qa.testdata.PaymentPageTest"/>
  <system-out/>
  <testcase name="validateTotal" time="89.470" classname="com.Tour.qa.testdata.PaymentPageTest"/>
  <system-out/>
  <testcase name="validatePayment" time="86.229" classname="com.Tour.qa.testdata.PaymentPageTest"/>
  <system-out/>
  <testcase name="validatePaymentwithemptyInput" time="60.919" classname="com.Tour.qa.testdata.PaymentPageTest"/>
  <system-out/>
  <testcase name="validatePaymentwithinvalidInput" time="61.767" classname="com.Tour.qa.testdata.PaymentPageTest"/>
  <system-out/>
  <testcase name="ValidateBackLink" time="66.567" classname="com.Tour.qa.testdata.PaymentPageTest"/>
  <system-out/>
</testsuite> <!-- com.Tour.qa.testdata.PaymentPageTest -->
