<?xml version="1.0" encoding="UTF-8"?>
<!-- Generated by org.testng.reporters.JUnitReportReporter -->
<testsuite hostname="DESKTOP-PSP68KB" failures="0" tests="1" name="com.Tour.qa.testdata.PaymentPageTest" time="45.457" errors="0" timestamp="2022-04-10T16:52:22 PKT" skipped="0">
  <testcase classname="com.Tour.qa.testdata.PaymentPageTest" name="ValidateBankLink" time="45.457"/>
  <system-out/>
</testsuite> <!-- com.Tour.qa.testdata.PaymentPageTest -->
