<?xml version="1.0" encoding="UTF-8"?>
<!-- Generated by org.testng.reporters.JUnitReportReporter -->
<testsuite skipped="0" hostname="DESKTOP-PSP68KB" name="com.Tour.qa.testdata.ChooseTourTest" tests="11" failures="0" timestamp="2022-04-25T13:48:14 PKT" time="162.237" errors="0">
  <testcase name="ChooseTourPageTitleTest" time="12.866" classname="com.Tour.qa.testdata.ChooseTourTest"/>
  <system-out/>
  <testcase name="validateBanne" time="12.302" classname="com.Tour.qa.testdata.ChooseTourTest"/>
  <system-out/>
  <testcase name="validateText1" time="15.698" classname="com.Tour.qa.testdata.ChooseTourTest"/>
  <system-out/>
  <testcase name="InputGroupSizeOfTHEORIGINAL" time="14.268" classname="com.Tour.qa.testdata.ChooseTourTest"/>
  <system-out/>
  <testcase name="InputGroupSizeOfTHEDELUXE" time="14.029" classname="com.Tour.qa.testdata.ChooseTourTest"/>
  <system-out/>
  <testcase name="TestInvalidInout1" time="19.625" classname="com.Tour.qa.testdata.ChooseTourTest"/>
  <system-out/>
  <testcase name="TestInvalidInout2" time="20.337" classname="com.Tour.qa.testdata.ChooseTourTest"/>
  <system-out/>
  <testcase name="Slider" time="12.262" classname="com.Tour.qa.testdata.ChooseTourTest"/>
  <system-out/>
  <testcase name="PageHeading" time="13.592" classname="com.Tour.qa.testdata.ChooseTourTest"/>
  <system-out/>
  <testcase name="TestSliderPreBut" time="14.436" classname="com.Tour.qa.testdata.ChooseTourTest"/>
  <system-out/>
  <testcase name="TestSliderNextBut" time="12.822" classname="com.Tour.qa.testdata.ChooseTourTest"/>
  <system-out/>
</testsuite> <!-- com.Tour.qa.testdata.ChooseTourTest -->
