<?xml version="1.0" encoding="UTF-8"?>
<!-- Generated by org.testng.reporters.JUnitReportReporter -->
<testsuite skipped="0" hostname="DESKTOP-PSP68KB" name="com.Tour.qa.testdata.PlanYourVisitText" tests="3" failures="0" timestamp="2022-04-25T13:48:14 PKT" time="52.898" errors="0">
  <testcase name="validateTitle" time="17.514" classname="com.Tour.qa.testdata.PlanYourVisitText"/>
  <system-out/>
  <testcase name="validateGetPaidDirectionButton" time="16.153" classname="com.Tour.qa.testdata.PlanYourVisitText"/>
  <system-out/>
  <testcase name="validateGetGoogleDirectionButton" time="19.231" classname="com.Tour.qa.testdata.PlanYourVisitText"/>
  <system-out/>
</testsuite> <!-- com.Tour.qa.testdata.PlanYourVisitText -->
