<?xml version="1.0" encoding="UTF-8"?>
<!-- Generated by org.testng.reporters.JUnitReportReporter -->
<testsuite skipped="0" hostname="DESKTOP-PSP68KB" name="com.Tour.qa.testdata.ChooseTourTest" tests="11" failures="0" timestamp="2022-04-22T20:37:49 PKT" time="177.443" errors="0">
  <testcase name="ChooseTourPageTitleTest" time="14.977" classname="com.Tour.qa.testdata.ChooseTourTest"/>
  <system-out/>
  <testcase name="validateBanne" time="14.243" classname="com.Tour.qa.testdata.ChooseTourTest"/>
  <system-out/>
  <testcase name="validateText1" time="15.145" classname="com.Tour.qa.testdata.ChooseTourTest"/>
  <system-out/>
  <testcase name="InputGroupSizeOfTHEORIGINAL" time="16.962" classname="com.Tour.qa.testdata.ChooseTourTest"/>
  <system-out/>
  <testcase name="InputGroupSizeOfTHEDELUXE" time="17.709" classname="com.Tour.qa.testdata.ChooseTourTest"/>
  <system-out/>
  <testcase name="TestInvalidInout1" time="20.034" classname="com.Tour.qa.testdata.ChooseTourTest"/>
  <system-out/>
  <testcase name="TestInvalidInout2" time="19.185" classname="com.Tour.qa.testdata.ChooseTourTest"/>
  <system-out/>
  <testcase name="Slider" time="15.685" classname="com.Tour.qa.testdata.ChooseTourTest"/>
  <system-out/>
  <testcase name="PageHeading" time="13.994" classname="com.Tour.qa.testdata.ChooseTourTest"/>
  <system-out/>
  <testcase name="TestSliderPreBut" time="13.978" classname="com.Tour.qa.testdata.ChooseTourTest"/>
  <system-out/>
  <testcase name="TestSliderNextBut" time="15.531" classname="com.Tour.qa.testdata.ChooseTourTest"/>
  <system-out/>
</testsuite> <!-- com.Tour.qa.testdata.ChooseTourTest -->
