<?xml version="1.0" encoding="UTF-8"?>
<!-- Generated by org.testng.reporters.JUnitReportReporter -->
<testsuite skipped="0" hostname="DESKTOP-PSP68KB" name="com.Tour.qa.testdata.FaqPageTest" tests="2" failures="0" timestamp="2022-04-22T20:37:49 PKT" time="43.363" errors="0">
  <testcase name="validatePageHeading" time="22.806" classname="com.Tour.qa.testdata.FaqPageTest"/>
  <system-out/>
  <testcase name="validateQuestions" time="20.557" classname="com.Tour.qa.testdata.FaqPageTest"/>
  <system-out/>
</testsuite> <!-- com.Tour.qa.testdata.FaqPageTest -->
