<?xml version="1.0" encoding="UTF-8"?>
<!-- Generated by org.testng.reporters.JUnitReportReporter -->
<testsuite hostname="DESKTOP-PSP68KB" failures="0" tests="2" name="com.Tour.qa.testdata.ChooseTourTest" time="29.958" errors="0" timestamp="2022-04-06T22:04:26 PKT" skipped="0">
  <testcase classname="com.Tour.qa.testdata.ChooseTourTest" name="InputGroupSizeOfTHEORIGINAL" time="16.498"/>
  <system-out/>
  <testcase classname="com.Tour.qa.testdata.ChooseTourTest" name="InputGroupSizeOfTHEDELUXE" time="13.460"/>
  <system-out/>
</testsuite> <!-- com.Tour.qa.testdata.ChooseTourTest -->
