<?xml version="1.0" encoding="UTF-8"?>
<!-- Generated by org.testng.reporters.JUnitReportReporter -->
<testsuite skipped="0" hostname="DESKTOP-PSP68KB" name="com.Tour.qa.testdata.HomePageTest" tests="4" failures="0" timestamp="2022-04-25T13:48:14 PKT" time="55.921" errors="0">
  <testcase name="HomePageTitleTest" time="11.837" classname="com.Tour.qa.testdata.HomePageTest"/>
  <system-out/>
  <testcase name="CheckBanner" time="13.549" classname="com.Tour.qa.testdata.HomePageTest"/>
  <system-out/>
  <testcase name="CheckModifyCancel" time="15.155" classname="com.Tour.qa.testdata.HomePageTest"/>
  <system-out/>
  <testcase name="CheckOurchaseTicket" time="15.380" classname="com.Tour.qa.testdata.HomePageTest"/>
  <system-out/>
</testsuite> <!-- com.Tour.qa.testdata.HomePageTest -->
