<?xml version="1.0" encoding="UTF-8"?>
<!-- Generated by org.testng.reporters.JUnitReportReporter -->
<testsuite skipped="0" hostname="DESKTOP-PSP68KB" name="com.Tour.qa.testdata.FaqPageTest" tests="2" failures="0" timestamp="2022-04-25T13:48:14 PKT" time="42.034" errors="0">
  <testcase name="validatePageHeading" time="20.863" classname="com.Tour.qa.testdata.FaqPageTest"/>
  <system-out/>
  <testcase name="validateQuestions" time="21.171" classname="com.Tour.qa.testdata.FaqPageTest"/>
  <system-out/>
</testsuite> <!-- com.Tour.qa.testdata.FaqPageTest -->
