<?xml version="1.0" encoding="UTF-8"?>
<!-- Generated by org.testng.reporters.JUnitReportReporter -->
<testsuite skipped="31" hostname="DESKTOP-PSP68KB" name="com.Tour.qa.testdata.ConfirmationPageTest" tests="32" failures="0" timestamp="2022-04-19T02:33:07 PKT" time="28.284" errors="1">
  <testcase name="setUp" time="28.284" classname="com.Tour.qa.testdata.ConfirmationPageTest">
    <error type="org.openqa.selenium.NoSuchElementException" message="no such element: Unable to locate element: {&quot;method&quot;:&quot;xpath&quot;,&quot;selector&quot;:&quot;//body/div[2]/div[2]/div[1]/div[1]/div[1]/div[3]/div[5]/div[2]/div[1]/div[1]/div[3]/a[1]/div[1]/span[1]&quot;}
  (Session info: chrome=100.0.4896.88)
For documentation on this error, please visit: https://selenium.dev/exceptions/#no_such_element
Build info: version: &#039;4.1.2&#039;, revision: &#039;9a5a329c5a&#039;
System info: host: &#039;DESKTOP-PSP68KB&#039;, ip: &#039;192.168.223.1&#039;, os.name: &#039;Windows 10&#039;, os.arch: &#039;amd64&#039;, os.version: &#039;10.0&#039;, java.version: &#039;1.8.0_301&#039;
Driver info: org.openqa.selenium.chrome.ChromeDriver
Command: [e3ca422ba76bdf66b59d003a767455ff, findElement {using=xpath, value=//body/div[2]/div[2]/div[1]/div[1]/div[1]/div[3]/div[5]/div[2]/div[1]/div[1]/div[3]/a[1]/div[1]/span[1]}]
Capabilities {acceptInsecureCerts: false, browserName: chrome, browserVersion: 100.0.4896.88, chrome: {chromedriverVersion: 100.0.4896.60 (6a5d10861ce8..., userDataDir: C:\Users\Home\AppData\Local...}, goog:chromeOptions: {debuggerAddress: localhost:65079}, javascriptEnabled: true, networkConnectionEnabled: false, pageLoadStrategy: normal, platform: WINDOWS, platformName: WINDOWS, proxy: Proxy(), se:cdp: ws://localhost:65079/devtoo..., se:cdpVersion: 100.0.4896.88, setWindowRect: true, strictFileInteractability: false, timeouts: {implicit: 0, pageLoad: 300000, script: 30000}, unhandledPromptBehavior: dismiss and notify, webauthn:extension:credBlob: true, webauthn:extension:largeBlob: true, webauthn:virtualAuthenticators: true}
Session ID: e3ca422ba76bdf66b59d003a767455ff">
      <![CDATA[org.openqa.selenium.NoSuchElementException: no such element: Unable to locate element: {"method":"xpath","selector":"//body/div[2]/div[2]/div[1]/div[1]/div[1]/div[3]/div[5]/div[2]/div[1]/div[1]/div[3]/a[1]/div[1]/span[1]"}
  (Session info: chrome=100.0.4896.88)
For documentation on this error, please visit: https://selenium.dev/exceptions/#no_such_element
Build info: version: '4.1.2', revision: '9a5a329c5a'
System info: host: 'DESKTOP-PSP68KB', ip: '192.168.223.1', os.name: 'Windows 10', os.arch: 'amd64', os.version: '10.0', java.version: '1.8.0_301'
Driver info: org.openqa.selenium.chrome.ChromeDriver
Command: [e3ca422ba76bdf66b59d003a767455ff, findElement {using=xpath, value=//body/div[2]/div[2]/div[1]/div[1]/div[1]/div[3]/div[5]/div[2]/div[1]/div[1]/div[3]/a[1]/div[1]/span[1]}]
Capabilities {acceptInsecureCerts: false, browserName: chrome, browserVersion: 100.0.4896.88, chrome: {chromedriverVersion: 100.0.4896.60 (6a5d10861ce8..., userDataDir: C:\Users\Home\AppData\Local...}, goog:chromeOptions: {debuggerAddress: localhost:65079}, javascriptEnabled: true, networkConnectionEnabled: false, pageLoadStrategy: normal, platform: WINDOWS, platformName: WINDOWS, proxy: Proxy(), se:cdp: ws://localhost:65079/devtoo..., se:cdpVersion: 100.0.4896.88, setWindowRect: true, strictFileInteractability: false, timeouts: {implicit: 0, pageLoad: 300000, script: 30000}, unhandledPromptBehavior: dismiss and notify, webauthn:extension:credBlob: true, webauthn:extension:largeBlob: true, webauthn:virtualAuthenticators: true}
Session ID: e3ca422ba76bdf66b59d003a767455ff
at sun.reflect.NativeConstructorAccessorImpl.newInstance0(Native Method)
at sun.reflect.NativeConstructorAccessorImpl.newInstance(NativeConstructorAccessorImpl.java:62)
at sun.reflect.DelegatingConstructorAccessorImpl.newInstance(DelegatingConstructorAccessorImpl.java:45)
at java.lang.reflect.Constructor.newInstance(Constructor.java:423)
at org.openqa.selenium.remote.codec.w3c.W3CHttpResponseCodec.createException(W3CHttpResponseCodec.java:200)
at org.openqa.selenium.remote.codec.w3c.W3CHttpResponseCodec.decode(W3CHttpResponseCodec.java:133)
at org.openqa.selenium.remote.codec.w3c.W3CHttpResponseCodec.decode(W3CHttpResponseCodec.java:53)
at org.openqa.selenium.remote.HttpCommandExecutor.execute(HttpCommandExecutor.java:184)
at org.openqa.selenium.remote.service.DriverCommandExecutor.invokeExecute(DriverCommandExecutor.java:167)
at org.openqa.selenium.remote.service.DriverCommandExecutor.execute(DriverCommandExecutor.java:142)
at org.openqa.selenium.remote.RemoteWebDriver.execute(RemoteWebDriver.java:558)
at org.openqa.selenium.remote.ElementLocation$ElementFinder$2.findElement(ElementLocation.java:162)
at org.openqa.selenium.remote.ElementLocation.findElement(ElementLocation.java:60)
at org.openqa.selenium.remote.RemoteWebDriver.findElement(RemoteWebDriver.java:382)
at org.openqa.selenium.remote.RemoteWebDriver.findElement(RemoteWebDriver.java:374)
at org.openqa.selenium.support.pagefactory.DefaultElementLocator.findElement(DefaultElementLocator.java:70)
at org.openqa.selenium.support.pagefactory.internal.LocatingElementHandler.invoke(LocatingElementHandler.java:39)
at com.sun.proxy.$Proxy15.click(Unknown Source)
at com.Tour.qa.pages.ChoosDatePage.SelectValidSlot(ChoosDatePage.java:315)
at com.Tour.qa.testdata.ConfirmationPageTest.setUp(ConfirmationPageTest.java:70)
at sun.reflect.NativeMethodAccessorImpl.invoke0(Native Method)
at sun.reflect.NativeMethodAccessorImpl.invoke(NativeMethodAccessorImpl.java:62)
at sun.reflect.DelegatingMethodAccessorImpl.invoke(DelegatingMethodAccessorImpl.java:43)
at java.lang.reflect.Method.invoke(Method.java:498)
at org.testng.internal.MethodInvocationHelper.invokeMethod(MethodInvocationHelper.java:133)
at org.testng.internal.MethodInvocationHelper.invokeMethodConsideringTimeout(MethodInvocationHelper.java:62)
at org.testng.internal.ConfigInvoker.invokeConfigurationMethod(ConfigInvoker.java:385)
at org.testng.internal.ConfigInvoker.invokeConfigurations(ConfigInvoker.java:321)
at org.testng.internal.TestInvoker.runConfigMethods(TestInvoker.java:700)
at org.testng.internal.TestInvoker.invokeMethod(TestInvoker.java:527)
at org.testng.internal.TestInvoker.invokeTestMethod(TestInvoker.java:173)
at org.testng.internal.MethodRunner.runInSequence(MethodRunner.java:46)
at org.testng.internal.TestInvoker$MethodInvocationAgent.invoke(TestInvoker.java:824)
at org.testng.internal.TestInvoker.invokeTestMethods(TestInvoker.java:146)
at org.testng.internal.TestMethodWorker.invokeTestMethods(TestMethodWorker.java:146)
at org.testng.internal.TestMethodWorker.run(TestMethodWorker.java:128)
at java.util.ArrayList.forEach(ArrayList.java:1259)
at org.testng.TestRunner.privateRun(TestRunner.java:794)
at org.testng.TestRunner.run(TestRunner.java:596)
at org.testng.SuiteRunner.runTest(SuiteRunner.java:377)
at org.testng.SuiteRunner.runSequentially(SuiteRunner.java:371)
at org.testng.SuiteRunner.privateRun(SuiteRunner.java:332)
at org.testng.SuiteRunner.run(SuiteRunner.java:276)
at org.testng.SuiteRunnerWorker.runSuite(SuiteRunnerWorker.java:53)
at org.testng.SuiteRunnerWorker.run(SuiteRunnerWorker.java:96)
at org.testng.TestNG.runSuitesSequentially(TestNG.java:1212)
at org.testng.TestNG.runSuitesLocally(TestNG.java:1134)
at org.testng.TestNG.runSuites(TestNG.java:1063)
at org.testng.TestNG.run(TestNG.java:1031)
at org.testng.remote.AbstractRemoteTestNG.run(AbstractRemoteTestNG.java:115)
at org.testng.remote.RemoteTestNG.initAndRun(RemoteTestNG.java:251)
at org.testng.remote.RemoteTestNG.main(RemoteTestNG.java:77)
]]>
    </error>
  </testcase> <!-- setUp -->
  <system-out/>
  <testcase name="ValidateTourType" time="0.000" classname="com.Tour.qa.testdata.ConfirmationPageTest">
    <skipped/>
  </testcase> <!-- ValidateTourType -->
  <system-out/>
  <testcase name="Validatefname" time="0.000" classname="com.Tour.qa.testdata.ConfirmationPageTest">
    <skipped/>
  </testcase> <!-- Validatefname -->
  <system-out/>
  <testcase name="ValidateLname" time="0.000" classname="com.Tour.qa.testdata.ConfirmationPageTest">
    <skipped/>
  </testcase> <!-- ValidateLname -->
  <system-out/>
  <testcase name="ValidateCost" time="0.000" classname="com.Tour.qa.testdata.ConfirmationPageTest">
    <skipped/>
  </testcase> <!-- ValidateCost -->
  <system-out/>
  <testcase name="ValidateZip" time="0.000" classname="com.Tour.qa.testdata.ConfirmationPageTest">
    <skipped/>
  </testcase> <!-- ValidateZip -->
  <system-out/>
  <testcase name="ValidateMobile" time="0.000" classname="com.Tour.qa.testdata.ConfirmationPageTest">
    <skipped/>
  </testcase> <!-- ValidateMobile -->
  <system-out/>
  <testcase name="ValidateGroupSize" time="0.000" classname="com.Tour.qa.testdata.ConfirmationPageTest">
    <skipped/>
  </testcase> <!-- ValidateGroupSize -->
  <system-out/>
  <testcase name="ValidateTypeOfGrop" time="0.000" classname="com.Tour.qa.testdata.ConfirmationPageTest">
    <skipped/>
  </testcase> <!-- ValidateTypeOfGrop -->
  <system-out/>
  <testcase name="ValidateNameOfGroup" time="0.000" classname="com.Tour.qa.testdata.ConfirmationPageTest">
    <skipped/>
  </testcase> <!-- ValidateNameOfGroup -->
  <system-out/>
  <testcase name="ValidateTravell" time="0.000" classname="com.Tour.qa.testdata.ConfirmationPageTest">
    <skipped/>
  </testcase> <!-- ValidateTravell -->
  <system-out/>
  <testcase name="ValidateVehica" time="0.000" classname="com.Tour.qa.testdata.ConfirmationPageTest">
    <skipped/>
  </testcase> <!-- ValidateVehica -->
  <system-out/>
  <testcase name="validateBannerTest" time="0.000" classname="com.Tour.qa.testdata.ConfirmationPageTest">
    <skipped/>
  </testcase> <!-- validateBannerTest -->
  <system-out/>
  <testcase name="validateTheOriginalTest" time="0.000" classname="com.Tour.qa.testdata.ConfirmationPageTest">
    <skipped/>
  </testcase> <!-- validateTheOriginalTest -->
  <system-out/>
  <testcase name="validateTitle" time="0.000" classname="com.Tour.qa.testdata.ConfirmationPageTest">
    <skipped/>
  </testcase> <!-- validateTitle -->
  <system-out/>
  <testcase name="CheckBanner" time="0.000" classname="com.Tour.qa.testdata.ConfirmationPageTest">
    <skipped/>
  </testcase> <!-- CheckBanner -->
  <system-out/>
  <testcase name="validateGroupSizeTest" time="0.000" classname="com.Tour.qa.testdata.ConfirmationPageTest">
    <skipped/>
  </testcase> <!-- validateGroupSizeTest -->
  <system-out/>
  <testcase name="validateChooseTourMenuOption" time="0.000" classname="com.Tour.qa.testdata.ConfirmationPageTest">
    <skipped/>
  </testcase> <!-- validateChooseTourMenuOption -->
  <system-out/>
  <testcase name="validateChooseDateOption" time="0.000" classname="com.Tour.qa.testdata.ConfirmationPageTest">
    <skipped/>
  </testcase> <!-- validateChooseDateOption -->
  <system-out/>
  <testcase name="validateRegistration" time="0.000" classname="com.Tour.qa.testdata.ConfirmationPageTest">
    <skipped/>
  </testcase> <!-- validateRegistration -->
  <system-out/>
  <testcase name="validateTick" time="0.000" classname="com.Tour.qa.testdata.ConfirmationPageTest">
    <skipped/>
  </testcase> <!-- validateTick -->
  <system-out/>
  <testcase name="validatePageHeading" time="0.000" classname="com.Tour.qa.testdata.ConfirmationPageTest">
    <skipped/>
  </testcase> <!-- validatePageHeading -->
  <system-out/>
  <testcase name="validatePurchaseTicketButt" time="0.000" classname="com.Tour.qa.testdata.ConfirmationPageTest">
    <skipped/>
  </testcase> <!-- validatePurchaseTicketButt -->
  <system-out/>
  <testcase name="validateHeading1" time="0.000" classname="com.Tour.qa.testdata.ConfirmationPageTest">
    <skipped/>
  </testcase> <!-- validateHeading1 -->
  <system-out/>
  <testcase name="validateHeading2" time="0.000" classname="com.Tour.qa.testdata.ConfirmationPageTest">
    <skipped/>
  </testcase> <!-- validateHeading2 -->
  <system-out/>
  <testcase name="validateHeading3" time="0.000" classname="com.Tour.qa.testdata.ConfirmationPageTest">
    <skipped/>
  </testcase> <!-- validateHeading3 -->
  <system-out/>
  <testcase name="validateHeading4" time="0.000" classname="com.Tour.qa.testdata.ConfirmationPageTest">
    <skipped/>
  </testcase> <!-- validateHeading4 -->
  <system-out/>
  <testcase name="validateHeading5" time="0.000" classname="com.Tour.qa.testdata.ConfirmationPageTest">
    <skipped/>
  </testcase> <!-- validateHeading5 -->
  <system-out/>
  <testcase name="validatePurchaseTicketButt2" time="0.000" classname="com.Tour.qa.testdata.ConfirmationPageTest">
    <skipped/>
  </testcase> <!-- validatePurchaseTicketButt2 -->
  <system-out/>
  <testcase name="validateModifyReservationButt2" time="0.000" classname="com.Tour.qa.testdata.ConfirmationPageTest">
    <skipped/>
  </testcase> <!-- validateModifyReservationButt2 -->
  <system-out/>
  <testcase name="validateCancelButt2" time="0.000" classname="com.Tour.qa.testdata.ConfirmationPageTest">
    <skipped/>
  </testcase> <!-- validateCancelButt2 -->
  <system-out/>
  <testcase name="Checkmenu" time="0.000" classname="com.Tour.qa.testdata.ConfirmationPageTest">
    <skipped/>
  </testcase> <!-- Checkmenu -->
  <system-out/>
</testsuite> <!-- com.Tour.qa.testdata.ConfirmationPageTest -->
