<?xml version="1.0" encoding="UTF-8"?>
<!-- Generated by org.testng.reporters.JUnitReportReporter -->
<testsuite skipped="0" hostname="DESKTOP-PSP68KB" name="com.Tour.qa.testdata.PlanYourVisitText" tests="3" failures="0" timestamp="2022-04-19T02:33:07 PKT" time="48.196" errors="0">
  <testcase name="validateTitle" time="16.057" classname="com.Tour.qa.testdata.PlanYourVisitText"/>
  <system-out/>
  <testcase name="validateGetPaidDirectionButton" time="16.238" classname="com.Tour.qa.testdata.PlanYourVisitText"/>
  <system-out/>
  <testcase name="validateGetGoogleDirectionButton" time="15.901" classname="com.Tour.qa.testdata.PlanYourVisitText"/>
  <system-out/>
</testsuite> <!-- com.Tour.qa.testdata.PlanYourVisitText -->
