<?xml version="1.0" encoding="UTF-8"?>
<!-- Generated by org.testng.reporters.JUnitReportReporter -->
<testsuite skipped="0" hostname="DESKTOP-PSP68KB" name="com.Tour.qa.testdata.HomePageTest" tests="4" failures="0" timestamp="2022-04-19T02:33:07 PKT" time="58.985" errors="0">
  <testcase name="HomePageTitleTest" time="13.951" classname="com.Tour.qa.testdata.HomePageTest"/>
  <system-out/>
  <testcase name="CheckModifyCancel" time="14.016" classname="com.Tour.qa.testdata.HomePageTest"/>
  <system-out/>
  <testcase name="CheckBanner" time="17.418" classname="com.Tour.qa.testdata.HomePageTest"/>
  <system-out/>
  <testcase name="CheckOurchaseTicket" time="13.600" classname="com.Tour.qa.testdata.HomePageTest"/>
  <system-out/>
</testsuite> <!-- com.Tour.qa.testdata.HomePageTest -->
