<?xml version="1.0" encoding="UTF-8"?>
<!-- Generated by org.testng.reporters.JUnitReportReporter -->
<testsuite hostname="DESKTOP-PSP68KB" failures="0" tests="1" name="com.Tour.qa.testdata.RegistrationTest" time="40.366" errors="0" timestamp="2022-04-07T21:28:57 PKT" skipped="0">
  <testcase classname="com.Tour.qa.testdata.RegistrationTest" name="CheckFillData" time="40.366"/>
  <system-out/>
</testsuite> <!-- com.Tour.qa.testdata.RegistrationTest -->
