<?xml version="1.0" encoding="UTF-8"?>
<!-- Generated by org.testng.reporters.JUnitReportReporter -->
<testsuite skipped="0" hostname="DESKTOP-PSP68KB" name="com.Tour.qa.testdata.HomePageTest" tests="4" failures="0" timestamp="2022-04-23T10:58:44 PKT" time="68.106" errors="0">
  <testcase name="HomePageTitleTest" time="23.973" classname="com.Tour.qa.testdata.HomePageTest"/>
  <system-out/>
  <testcase name="CheckBanner" time="12.685" classname="com.Tour.qa.testdata.HomePageTest"/>
  <system-out/>
  <testcase name="CheckModifyCancel" time="15.090" classname="com.Tour.qa.testdata.HomePageTest"/>
  <system-out/>
  <testcase name="CheckOurchaseTicket" time="16.358" classname="com.Tour.qa.testdata.HomePageTest"/>
  <system-out/>
</testsuite> <!-- com.Tour.qa.testdata.HomePageTest -->
