<?xml version="1.0" encoding="UTF-8"?>
<!-- Generated by org.testng.reporters.JUnitReportReporter -->
<testsuite hostname="DESKTOP-PSP68KB" failures="0" tests="3" name="com.Tour.qa.testdata.PlanYourVisitText" time="66.480" errors="0" timestamp="2022-04-14T12:05:43 PKT" skipped="0">
  <testcase classname="com.Tour.qa.testdata.PlanYourVisitText" name="validateTitle" time="24.875"/>
  <system-out/>
  <testcase classname="com.Tour.qa.testdata.PlanYourVisitText" name="validateGetPaidDirectionButton" time="19.598"/>
  <system-out/>
  <testcase classname="com.Tour.qa.testdata.PlanYourVisitText" name="validateGetGoogleDirectionButton" time="22.007"/>
  <system-out/>
</testsuite> <!-- com.Tour.qa.testdata.PlanYourVisitText -->
