<?xml version="1.0" encoding="UTF-8"?>
<!-- Generated by org.testng.reporters.JUnitReportReporter -->
<testsuite skipped="0" hostname="DESKTOP-PSP68KB" name="com.Tour.qa.testdata.PaymentPageTest" tests="10" failures="0" timestamp="2022-04-25T13:48:14 PKT" time="464.696" errors="0">
  <testcase name="validateTitle" time="41.523" classname="com.Tour.qa.testdata.PaymentPageTest"/>
  <system-out/>
  <testcase name="validateQuantityTest" time="43.478" classname="com.Tour.qa.testdata.PaymentPageTest"/>
  <system-out/>
  <testcase name="validateUnit" time="41.962" classname="com.Tour.qa.testdata.PaymentPageTest"/>
  <system-out/>
  <testcase name="validateTax" time="45.480" classname="com.Tour.qa.testdata.PaymentPageTest"/>
  <system-out/>
  <testcase name="validatePrice" time="47.367" classname="com.Tour.qa.testdata.PaymentPageTest"/>
  <system-out/>
  <testcase name="validateTotal" time="41.164" classname="com.Tour.qa.testdata.PaymentPageTest"/>
  <system-out/>
  <testcase name="validatePayment" time="58.801" classname="com.Tour.qa.testdata.PaymentPageTest"/>
  <system-out/>
  <testcase name="validatePaymentwithemptyInput" time="50.832" classname="com.Tour.qa.testdata.PaymentPageTest"/>
  <system-out/>
  <testcase name="validatePaymentwithinvalidInput" time="50.789" classname="com.Tour.qa.testdata.PaymentPageTest"/>
  <system-out/>
  <testcase name="ValidateBackLink" time="43.300" classname="com.Tour.qa.testdata.PaymentPageTest"/>
  <system-out/>
</testsuite> <!-- com.Tour.qa.testdata.PaymentPageTest -->
