<?xml version="1.0" encoding="UTF-8"?>
<!-- Generated by org.testng.reporters.JUnitReportReporter -->
<testsuite skipped="0" hostname="DESKTOP-PSP68KB" name="com.Tour.qa.testdata.ChooseTourTest" tests="11" failures="0" timestamp="2022-04-24T03:55:32 PKT" time="440.751" errors="0">
  <testcase name="ChooseTourPageTitleTest" time="34.631" classname="com.Tour.qa.testdata.ChooseTourTest"/>
  <system-out/>
  <testcase name="validateBanne" time="33.757" classname="com.Tour.qa.testdata.ChooseTourTest"/>
  <system-out/>
  <testcase name="validateText1" time="42.716" classname="com.Tour.qa.testdata.ChooseTourTest"/>
  <system-out/>
  <testcase name="InputGroupSizeOfTHEORIGINAL" time="40.314" classname="com.Tour.qa.testdata.ChooseTourTest"/>
  <system-out/>
  <testcase name="InputGroupSizeOfTHEDELUXE" time="34.677" classname="com.Tour.qa.testdata.ChooseTourTest"/>
  <system-out/>
  <testcase name="TestInvalidInout1" time="42.941" classname="com.Tour.qa.testdata.ChooseTourTest"/>
  <system-out/>
  <testcase name="TestInvalidInout2" time="51.853" classname="com.Tour.qa.testdata.ChooseTourTest"/>
  <system-out/>
  <testcase name="Slider" time="39.351" classname="com.Tour.qa.testdata.ChooseTourTest"/>
  <system-out/>
  <testcase name="PageHeading" time="35.584" classname="com.Tour.qa.testdata.ChooseTourTest"/>
  <system-out/>
  <testcase name="TestSliderPreBut" time="32.877" classname="com.Tour.qa.testdata.ChooseTourTest"/>
  <system-out/>
  <testcase name="TestSliderNextBut" time="52.050" classname="com.Tour.qa.testdata.ChooseTourTest"/>
  <system-out/>
</testsuite> <!-- com.Tour.qa.testdata.ChooseTourTest -->
