<?xml version="1.0" encoding="UTF-8"?>
<!-- Generated by org.testng.reporters.JUnitReportReporter -->
<testsuite hostname="DESKTOP-PSP68KB" failures="0" tests="1" name="com.Tour.qa.testdata.HeaderFooterTest" time="20.220" errors="0" timestamp="2022-04-14T13:20:58 PKT" skipped="0">
  <testcase classname="com.Tour.qa.testdata.HeaderFooterTest" name="validateFAQLink" time="20.220"/>
  <system-out/>
</testsuite> <!-- com.Tour.qa.testdata.HeaderFooterTest -->
