<?xml version="1.0" encoding="UTF-8"?>
<!-- Generated by org.testng.reporters.JUnitReportReporter -->
<testsuite skipped="0" hostname="DESKTOP-PSP68KB" name="com.Tour.qa.testdata.ChooseDateTest" tests="9" failures="0" timestamp="24 Apr 2022 01:51:58 GMT" time="246.755" errors="0">
  <testcase name="CheckPageTitle" time="25.780" classname="com.Tour.qa.testdata.ChooseDateTest"/>
  <testcase name="validateBanne" time="22.594" classname="com.Tour.qa.testdata.ChooseDateTest"/>
  <testcase name="validateHeading" time="24.930" classname="com.Tour.qa.testdata.ChooseDateTest"/>
  <testcase name="validateChoosFromMenu" time="25.688" classname="com.Tour.qa.testdata.ChooseDateTest"/>
  <testcase name="validateTheOriginal" time="19.909" classname="com.Tour.qa.testdata.ChooseDateTest"/>
  <testcase name="validateGroupSize" time="24.908" classname="com.Tour.qa.testdata.ChooseDateTest"/>
  <testcase name="SelectValidSlotTest" time="38.946" classname="com.Tour.qa.testdata.ChooseDateTest"/>
  <testcase name="SelectInValidSlot" time="35.142" classname="com.Tour.qa.testdata.ChooseDateTest"/>
  <testcase name="validateGroupSize2" time="28.858" classname="com.Tour.qa.testdata.ChooseDateTest"/>
</testsuite> <!-- com.Tour.qa.testdata.ChooseDateTest -->
