<?xml version="1.0" encoding="UTF-8"?>
<!-- Generated by org.testng.reporters.JUnitReportReporter -->
<testsuite skipped="0" hostname="DESKTOP-PSP68KB" name="com.Tour.qa.testdata.HomePageTest" tests="4" failures="0" timestamp="24 Apr 2022 01:51:58 GMT" time="74.925" errors="0">
  <testcase name="HomePageTitleTest" time="15.549" classname="com.Tour.qa.testdata.HomePageTest"/>
  <testcase name="CheckBanner" time="12.033" classname="com.Tour.qa.testdata.HomePageTest"/>
  <testcase name="CheckModifyCancel" time="23.700" classname="com.Tour.qa.testdata.HomePageTest"/>
  <testcase name="CheckOurchaseTicket" time="23.643" classname="com.Tour.qa.testdata.HomePageTest"/>
</testsuite> <!-- com.Tour.qa.testdata.HomePageTest -->
