<?xml version="1.0" encoding="UTF-8"?>
<!-- Generated by org.testng.reporters.JUnitReportReporter -->
<testsuite skipped="0" hostname="DESKTOP-PSP68KB" name="com.Tour.qa.testdata.FaqPageTest" tests="2" failures="0" timestamp="24 Apr 2022 01:51:58 GMT" time="39.052" errors="0">
  <testcase name="validatePageHeading" time="19.677" classname="com.Tour.qa.testdata.FaqPageTest"/>
  <testcase name="validateQuestions" time="19.375" classname="com.Tour.qa.testdata.FaqPageTest"/>
</testsuite> <!-- com.Tour.qa.testdata.FaqPageTest -->
