<?xml version="1.0" encoding="UTF-8"?>
<!-- Generated by org.testng.reporters.JUnitReportReporter -->
<testsuite skipped="0" hostname="DESKTOP-PSP68KB" name="com.Tour.qa.testdata.FaqPageTest" tests="2" failures="0" timestamp="20 Apr 2022 08:01:16 GMT" time="54.119" errors="0">
  <testcase name="validatePageHeading" time="34.655" classname="com.Tour.qa.testdata.FaqPageTest"/>
  <testcase name="validateQuestions" time="19.464" classname="com.Tour.qa.testdata.FaqPageTest"/>
</testsuite> <!-- com.Tour.qa.testdata.FaqPageTest -->
