<?xml version="1.0" encoding="UTF-8"?>
<!-- Generated by org.testng.reporters.JUnitReportReporter -->
<testsuite skipped="0" hostname="DESKTOP-PSP68KB" name="com.Tour.qa.testdata.HomePageTest" tests="4" failures="0" timestamp="20 Apr 2022 08:01:16 GMT" time="85.786" errors="0">
  <testcase name="HomePageTitleTest" time="36.497" classname="com.Tour.qa.testdata.HomePageTest"/>
  <testcase name="CheckModifyCancel" time="15.883" classname="com.Tour.qa.testdata.HomePageTest"/>
  <testcase name="CheckBanner" time="16.238" classname="com.Tour.qa.testdata.HomePageTest"/>
  <testcase name="CheckOurchaseTicket" time="17.168" classname="com.Tour.qa.testdata.HomePageTest"/>
</testsuite> <!-- com.Tour.qa.testdata.HomePageTest -->
