<?xml version="1.0" encoding="UTF-8"?>
<!-- Generated by org.testng.reporters.JUnitReportReporter -->
<testsuite skipped="0" hostname="DESKTOP-PSP68KB" name="com.Tour.qa.testdata.ChooseTourTest" tests="11" failures="0" timestamp="24 Apr 2022 01:51:58 GMT" time="250.771" errors="0">
  <testcase name="ChooseTourPageTitleTest" time="18.034" classname="com.Tour.qa.testdata.ChooseTourTest"/>
  <testcase name="validateBanne" time="26.512" classname="com.Tour.qa.testdata.ChooseTourTest"/>
  <testcase name="validateText1" time="22.763" classname="com.Tour.qa.testdata.ChooseTourTest"/>
  <testcase name="InputGroupSizeOfTHEORIGINAL" time="21.249" classname="com.Tour.qa.testdata.ChooseTourTest"/>
  <testcase name="InputGroupSizeOfTHEDELUXE" time="20.019" classname="com.Tour.qa.testdata.ChooseTourTest"/>
  <testcase name="TestInvalidInout1" time="28.886" classname="com.Tour.qa.testdata.ChooseTourTest"/>
  <testcase name="TestInvalidInout2" time="23.245" classname="com.Tour.qa.testdata.ChooseTourTest"/>
  <testcase name="Slider" time="22.602" classname="com.Tour.qa.testdata.ChooseTourTest"/>
  <testcase name="PageHeading" time="20.645" classname="com.Tour.qa.testdata.ChooseTourTest"/>
  <testcase name="TestSliderPreBut" time="22.986" classname="com.Tour.qa.testdata.ChooseTourTest"/>
  <testcase name="TestSliderNextBut" time="23.830" classname="com.Tour.qa.testdata.ChooseTourTest"/>
</testsuite> <!-- com.Tour.qa.testdata.ChooseTourTest -->
