<?xml version="1.0" encoding="UTF-8"?>
<!-- Generated by org.testng.reporters.JUnitReportReporter -->
<testsuite skipped="0" hostname="DESKTOP-PSP68KB" name="com.Tour.qa.testdata.ConfirmationPageTest" tests="1" failures="0" timestamp="23 Apr 2022 17:47:01 GMT" time="68.249" errors="0">
  <testcase name="ValidateTourType" time="68.249" classname="com.Tour.qa.testdata.ConfirmationPageTest"/>
</testsuite> <!-- com.Tour.qa.testdata.ConfirmationPageTest -->
