<?xml version="1.0" encoding="UTF-8"?>
<!-- Generated by org.testng.reporters.JUnitReportReporter -->
<testsuite skipped="0" hostname="DESKTOP-PSP68KB" name="com.Tour.qa.testdata.ConfirmationPageTest" tests="30" failures="0" timestamp="24 Apr 2022 01:51:58 GMT" time="1466.099" errors="1">
  <testcase name="ValidateTourType" time="44.455" classname="com.Tour.qa.testdata.ConfirmationPageTest"/>
  <testcase name="Validatefname" time="54.954" classname="com.Tour.qa.testdata.ConfirmationPageTest"/>
  <testcase name="ValidateLname" time="50.395" classname="com.Tour.qa.testdata.ConfirmationPageTest"/>
  <testcase name="ValidateCost" time="50.143" classname="com.Tour.qa.testdata.ConfirmationPageTest"/>
  <testcase name="ValidateZip" time="44.545" classname="com.Tour.qa.testdata.ConfirmationPageTest"/>
  <testcase name="ValidateMobile" time="49.194" classname="com.Tour.qa.testdata.ConfirmationPageTest"/>
  <testcase name="ValidateGroupSize" time="45.103" classname="com.Tour.qa.testdata.ConfirmationPageTest"/>
  <testcase name="ValidateTypeOfGrop" time="48.220" classname="com.Tour.qa.testdata.ConfirmationPageTest"/>
  <testcase name="ValidateNameOfGroup" time="51.792" classname="com.Tour.qa.testdata.ConfirmationPageTest"/>
  <testcase name="ValidateTravell" time="46.805" classname="com.Tour.qa.testdata.ConfirmationPageTest"/>
  <testcase name="ValidateVehical" time="47.076" classname="com.Tour.qa.testdata.ConfirmationPageTest"/>
  <testcase name="validateBannerTest" time="44.677" classname="com.Tour.qa.testdata.ConfirmationPageTest"/>
  <testcase name="validateTheOriginalTest" time="44.242" classname="com.Tour.qa.testdata.ConfirmationPageTest"/>
  <testcase name="validateTitle" time="45.125" classname="com.Tour.qa.testdata.ConfirmationPageTest"/>
  <testcase name="validateGroupSizeTest" time="48.866" classname="com.Tour.qa.testdata.ConfirmationPageTest"/>
  <testcase name="validateChooseTourMenuOption" time="57.166" classname="com.Tour.qa.testdata.ConfirmationPageTest"/>
  <testcase name="validateChooseDateOption" time="59.217" classname="com.Tour.qa.testdata.ConfirmationPageTest"/>
  <testcase name="validateRegistration" time="54.165" classname="com.Tour.qa.testdata.ConfirmationPageTest"/>
  <testcase name="validateTick" time="50.828" classname="com.Tour.qa.testdata.ConfirmationPageTest"/>
  <testcase name="validatePageHeading" time="42.110" classname="com.Tour.qa.testdata.ConfirmationPageTest"/>
  <testcase name="validatePurchaseTicketButt" time="52.242" classname="com.Tour.qa.testdata.ConfirmationPageTest"/>
  <testcase name="validateHeading1" time="49.043" classname="com.Tour.qa.testdata.ConfirmationPageTest"/>
  <testcase name="validateHeading2" time="50.020" classname="com.Tour.qa.testdata.ConfirmationPageTest"/>
  <testcase name="validateHeading3" time="42.381" classname="com.Tour.qa.testdata.ConfirmationPageTest"/>
  <testcase name="validateHeading4" time="49.688" classname="com.Tour.qa.testdata.ConfirmationPageTest"/>
  <testcase name="validateHeading5" time="47.840" classname="com.Tour.qa.testdata.ConfirmationPageTest"/>
  <testcase name="validatePurchaseTicketButt2" time="47.531" classname="com.Tour.qa.testdata.ConfirmationPageTest"/>
  <testcase name="validateModifyReservationButt2" time="44.354" classname="com.Tour.qa.testdata.ConfirmationPageTest"/>
  <testcase name="validateCancelButt2" time="47.549" classname="com.Tour.qa.testdata.ConfirmationPageTest"/>
  <testcase name="CheckTopMenu" time="56.373" classname="com.Tour.qa.testdata.ConfirmationPageTest">
    <error type="org.openqa.selenium.NoSuchElementException" message="no such element: Unable to locate element: {&quot;method&quot;:&quot;xpath&quot;,&quot;selector&quot;:&quot;//*[@id=&quot;navigation-bar&quot;]/div/div[2]/div/ul/li[1]/a&quot;}
  (Session info: chrome=100.0.4896.127)
For documentation on this error, please visit: https://selenium.dev/exceptions/#no_such_element
Build info: version: &#039;4.1.2&#039;, revision: &#039;9a5a329c5a&#039;
System info: host: &#039;DESKTOP-PSP68KB&#039;, ip: &#039;192.168.223.1&#039;, os.name: &#039;Windows 10&#039;, os.arch: &#039;amd64&#039;, os.version: &#039;10.0&#039;, java.version: &#039;1.8.0_301&#039;
Driver info: org.openqa.selenium.chrome.ChromeDriver
Command: [5122ed15102ca570855e66c3d007b7c3, findElement {using=xpath, value=//*[@id=&quot;navigation-bar&quot;]/div/div[2]/div/ul/li[1]/a}]
Capabilities {acceptInsecureCerts: false, browserName: chrome, browserVersion: 100.0.4896.127, chrome: {chromedriverVersion: 100.0.4896.60 (6a5d10861ce8..., userDataDir: C:\Users\Home\AppData\Local...}, goog:chromeOptions: {debuggerAddress: localhost:49250}, javascriptEnabled: true, networkConnectionEnabled: false, pageLoadStrategy: normal, platform: WINDOWS, platformName: WINDOWS, proxy: Proxy(), se:cdp: ws://localhost:49250/devtoo..., se:cdpVersion: 100.0.4896.127, setWindowRect: true, strictFileInteractability: false, timeouts: {implicit: 0, pageLoad: 300000, script: 30000}, unhandledPromptBehavior: dismiss and notify, webauthn:extension:credBlob: true, webauthn:extension:largeBlob: true, webauthn:virtualAuthenticators: true}
Session ID: 5122ed15102ca570855e66c3d007b7c3">
      <![CDATA[org.openqa.selenium.NoSuchElementException: no such element: Unable to locate element: {"method":"xpath","selector":"//*[@id="navigation-bar"]/div/div[2]/div/ul/li[1]/a"}
  (Session info: chrome=100.0.4896.127)
For documentation on this error, please visit: https://selenium.dev/exceptions/#no_such_element
Build info: version: '4.1.2', revision: '9a5a329c5a'
System info: host: 'DESKTOP-PSP68KB', ip: '192.168.223.1', os.name: 'Windows 10', os.arch: 'amd64', os.version: '10.0', java.version: '1.8.0_301'
Driver info: org.openqa.selenium.chrome.ChromeDriver
Command: [5122ed15102ca570855e66c3d007b7c3, findElement {using=xpath, value=//*[@id="navigation-bar"]/div/div[2]/div/ul/li[1]/a}]
Capabilities {acceptInsecureCerts: false, browserName: chrome, browserVersion: 100.0.4896.127, chrome: {chromedriverVersion: 100.0.4896.60 (6a5d10861ce8..., userDataDir: C:\Users\Home\AppData\Local...}, goog:chromeOptions: {debuggerAddress: localhost:49250}, javascriptEnabled: true, networkConnectionEnabled: false, pageLoadStrategy: normal, platform: WINDOWS, platformName: WINDOWS, proxy: Proxy(), se:cdp: ws://localhost:49250/devtoo..., se:cdpVersion: 100.0.4896.127, setWindowRect: true, strictFileInteractability: false, timeouts: {implicit: 0, pageLoad: 300000, script: 30000}, unhandledPromptBehavior: dismiss and notify, webauthn:extension:credBlob: true, webauthn:extension:largeBlob: true, webauthn:virtualAuthenticators: true}
Session ID: 5122ed15102ca570855e66c3d007b7c3
at sun.reflect.NativeConstructorAccessorImpl.newInstance0(Native Method)
at sun.reflect.NativeConstructorAccessorImpl.newInstance(NativeConstructorAccessorImpl.java:62)
at sun.reflect.DelegatingConstructorAccessorImpl.newInstance(DelegatingConstructorAccessorImpl.java:45)
at java.lang.reflect.Constructor.newInstance(Constructor.java:423)
at org.openqa.selenium.remote.codec.w3c.W3CHttpResponseCodec.createException(W3CHttpResponseCodec.java:200)
at org.openqa.selenium.remote.codec.w3c.W3CHttpResponseCodec.decode(W3CHttpResponseCodec.java:133)
at org.openqa.selenium.remote.codec.w3c.W3CHttpResponseCodec.decode(W3CHttpResponseCodec.java:53)
at org.openqa.selenium.remote.HttpCommandExecutor.execute(HttpCommandExecutor.java:184)
at org.openqa.selenium.remote.service.DriverCommandExecutor.invokeExecute(DriverCommandExecutor.java:167)
at org.openqa.selenium.remote.service.DriverCommandExecutor.execute(DriverCommandExecutor.java:142)
at org.openqa.selenium.remote.RemoteWebDriver.execute(RemoteWebDriver.java:558)
at org.openqa.selenium.remote.ElementLocation$ElementFinder$2.findElement(ElementLocation.java:162)
at org.openqa.selenium.remote.ElementLocation.findElement(ElementLocation.java:60)
at org.openqa.selenium.remote.RemoteWebDriver.findElement(RemoteWebDriver.java:382)
at org.openqa.selenium.remote.RemoteWebDriver.findElement(RemoteWebDriver.java:374)
at org.openqa.selenium.support.pagefactory.DefaultElementLocator.findElement(DefaultElementLocator.java:70)
at org.openqa.selenium.support.pagefactory.internal.LocatingElementHandler.invoke(LocatingElementHandler.java:39)
at com.sun.proxy.$Proxy13.isDisplayed(Unknown Source)
at com.Tour.qa.pages.Confirm.validatemenu(Confirm.java:241)
at com.Tour.qa.testdata.ConfirmationPageTest.CheckTopMenu(ConfirmationPageTest.java:381)
at sun.reflect.NativeMethodAccessorImpl.invoke0(Native Method)
at sun.reflect.NativeMethodAccessorImpl.invoke(NativeMethodAccessorImpl.java:62)
at sun.reflect.DelegatingMethodAccessorImpl.invoke(DelegatingMethodAccessorImpl.java:43)
at java.lang.reflect.Method.invoke(Method.java:498)
at org.testng.internal.MethodInvocationHelper.invokeMethod(MethodInvocationHelper.java:124)
at org.testng.internal.Invoker.invokeMethod(Invoker.java:583)
at org.testng.internal.Invoker.invokeTestMethod(Invoker.java:719)
at org.testng.internal.Invoker.invokeTestMethods(Invoker.java:989)
at org.testng.internal.TestMethodWorker.invokeTestMethods(TestMethodWorker.java:125)
at org.testng.internal.TestMethodWorker.run(TestMethodWorker.java:109)
at org.testng.TestRunner.privateRun(TestRunner.java:648)
at org.testng.TestRunner.run(TestRunner.java:505)
at org.testng.SuiteRunner.runTest(SuiteRunner.java:455)
at org.testng.SuiteRunner.runSequentially(SuiteRunner.java:450)
at org.testng.SuiteRunner.privateRun(SuiteRunner.java:415)
at org.testng.SuiteRunner.run(SuiteRunner.java:364)
at org.testng.SuiteRunnerWorker.runSuite(SuiteRunnerWorker.java:52)
at org.testng.SuiteRunnerWorker.run(SuiteRunnerWorker.java:84)
at org.testng.TestNG.runSuitesSequentially(TestNG.java:1208)
at org.testng.TestNG.runSuitesLocally(TestNG.java:1137)
at org.testng.TestNG.runSuites(TestNG.java:1049)
at org.testng.TestNG.run(TestNG.java:1017)
at org.apache.maven.surefire.testng.TestNGExecutor.run(TestNGExecutor.java:324)
at org.apache.maven.surefire.testng.TestNGXmlTestSuite.execute(TestNGXmlTestSuite.java:74)
at org.apache.maven.surefire.testng.TestNGProvider.invoke(TestNGProvider.java:123)
at org.apache.maven.surefire.booter.ForkedBooter.runSuitesInProcess(ForkedBooter.java:456)
at org.apache.maven.surefire.booter.ForkedBooter.execute(ForkedBooter.java:169)
at org.apache.maven.surefire.booter.ForkedBooter.run(ForkedBooter.java:595)
at org.apache.maven.surefire.booter.ForkedBooter.main(ForkedBooter.java:581)
]]>
    </error>
  </testcase> <!-- CheckTopMenu -->
</testsuite> <!-- com.Tour.qa.testdata.ConfirmationPageTest -->
