<?xml version="1.0" encoding="UTF-8"?>
<!-- Generated by org.testng.reporters.JUnitReportReporter -->
<testsuite skipped="0" hostname="DESKTOP-PSP68KB" name="com.Tour.qa.testdata.PlanYourVisitText" tests="3" failures="0" timestamp="24 Apr 2022 01:51:58 GMT" time="68.581" errors="0">
  <testcase name="validateTitle" time="19.962" classname="com.Tour.qa.testdata.PlanYourVisitText"/>
  <testcase name="validateGetPaidDirectionButton" time="25.963" classname="com.Tour.qa.testdata.PlanYourVisitText"/>
  <testcase name="validateGetGoogleDirectionButton" time="22.656" classname="com.Tour.qa.testdata.PlanYourVisitText"/>
</testsuite> <!-- com.Tour.qa.testdata.PlanYourVisitText -->
