<?xml version="1.0" encoding="UTF-8"?>
<!-- Generated by org.testng.reporters.JUnitReportReporter -->
<testsuite skipped="0" hostname="DESKTOP-PSP68KB" name="com.Tour.qa.testdata.PaymentPageTest" tests="10" failures="0" timestamp="24 Apr 2022 01:51:59 GMT" time="594.261" errors="0">
  <testcase name="validateTitle" time="51.878" classname="com.Tour.qa.testdata.PaymentPageTest"/>
  <testcase name="validateQuantityTest" time="54.444" classname="com.Tour.qa.testdata.PaymentPageTest"/>
  <testcase name="validateUnit" time="60.117" classname="com.Tour.qa.testdata.PaymentPageTest"/>
  <testcase name="validateTax" time="59.438" classname="com.Tour.qa.testdata.PaymentPageTest"/>
  <testcase name="validatePrice" time="51.123" classname="com.Tour.qa.testdata.PaymentPageTest"/>
  <testcase name="validateTotal" time="52.399" classname="com.Tour.qa.testdata.PaymentPageTest"/>
  <testcase name="validatePayment" time="73.779" classname="com.Tour.qa.testdata.PaymentPageTest"/>
  <testcase name="validatePaymentwithemptyInput" time="60.631" classname="com.Tour.qa.testdata.PaymentPageTest"/>
  <testcase name="validatePaymentwithinvalidInput" time="68.644" classname="com.Tour.qa.testdata.PaymentPageTest"/>
  <testcase name="ValidateBackLink" time="61.808" classname="com.Tour.qa.testdata.PaymentPageTest"/>
</testsuite> <!-- com.Tour.qa.testdata.PaymentPageTest -->
