<?xml version="1.0" encoding="UTF-8"?>
<!-- Generated by org.testng.reporters.JUnitReportReporter -->
<testsuite skipped="0" hostname="DESKTOP-PSP68KB" name="com.Tour.qa.testdata.HeaderFooterTest" tests="1" failures="0" timestamp="23 Apr 2022 18:26:20 GMT" time="47.664" errors="0">
  <testcase name="validateeHomelink" time="47.664" classname="com.Tour.qa.testdata.HeaderFooterTest"/>
</testsuite> <!-- com.Tour.qa.testdata.HeaderFooterTest -->
